<?xml version="1.0" encoding="UTF-8"?>
<!-- Generated by org.testng.reporters.JUnitReportReporter -->
<testsuite hostname="USER" failures="0" tests="1" name="campaign.CreateCampaignWithProduct" time="138.371" errors="0" timestamp="2023-02-21T19:26:02 IST" skipped="0">
  <testcase classname="campaign.CreateCampaignWithProduct" name="CreateCampaignWithProduct" time="138.371"/>
  <system-out/>
</testsuite> <!-- campaign.CreateCampaignWithProduct -->
