<?xml version="1.0" encoding="UTF-8"?>
<!-- Generated by org.testng.reporters.JUnitReportReporter -->
<testsuite hostname="USER" failures="0" tests="1" name="campaign.CreateCampaignWithProductTest" time="204.877" errors="0" timestamp="2023-03-03T16:47:23 IST" skipped="0">
  <testcase classname="campaign.CreateCampaignWithProductTest" name="CreateCampaignWithProductTest" time="204.877"/>
  <system-out/>
</testsuite> <!-- campaign.CreateCampaignWithProductTest -->
