<?xml version="1.0" encoding="UTF-8"?>
<!-- Generated by org.testng.reporters.JUnitReportReporter -->
<testsuite hostname="USER" failures="0" tests="1" name="product.DeleteProductTest" time="49.257" errors="0" timestamp="2023-03-04T14:42:36 IST" skipped="0">
  <testcase classname="product.DeleteProductTest" name="DeleteProductTest" time="49.257"/>
  <system-out/>
</testsuite> <!-- product.DeleteProductTest -->
