<?xml version="1.0" encoding="UTF-8"?>
<!-- Generated by org.testng.reporters.JUnitReportReporter -->
<testsuite hostname="USER" failures="0" tests="5" name="Practice.DataProviderTest" time="0.051" errors="0" timestamp="2023-02-23T15:10:24 IST" skipped="0">
  <testcase classname="Practice.DataProviderTest" name="bookTickets" time="0.005"/>
  <system-out/>
  <testcase classname="Practice.DataProviderTest" name="bookTickets" time="0.005"/>
  <system-out/>
  <testcase classname="Practice.DataProviderTest" name="bookTickets" time="0.010"/>
  <system-out/>
  <testcase classname="Practice.DataProviderTest" name="bookTickets" time="0.014"/>
  <system-out/>
  <testcase classname="Practice.DataProviderTest" name="bookTickets" time="0.017"/>
  <system-out/>
</testsuite> <!-- Practice.DataProviderTest -->
