<?xml version="1.0" encoding="UTF-8"?>
<!-- Generated by org.testng.reporters.JUnitReportReporter -->
<testsuite hostname="USER" failures="0" tests="1" name="product.CreateProductTest" time="41.668" errors="0" timestamp="2023-03-04T14:38:48 IST" skipped="0">
  <testcase classname="product.CreateProductTest" name="CreateProductTest" time="41.668"/>
  <system-out/>
</testsuite> <!-- product.CreateProductTest -->
