<?xml version="1.0" encoding="UTF-8"?>
<!-- Generated by org.testng.reporters.JUnitReportReporter -->
<testsuite hostname="USER" failures="0" tests="4" name="Practice.TestNGPractice" time="0.039" errors="0" timestamp="2023-02-22T16:38:54 IST" skipped="0">
  <testcase classname="Practice.TestNGPractice" name="createContact" time="0.028"/>
  <system-out/>
  <testcase classname="Practice.TestNGPractice" name="modifyContact" time="0.005"/>
  <system-out/>
  <testcase classname="Practice.TestNGPractice" name="deleteContact" time="0.004"/>
  <system-out/>
  <testcase classname="Practice.TestNGPractice" name="modifyContact" time="0.002"/>
  <system-out/>
</testsuite> <!-- Practice.TestNGPractice -->
