<?xml version="1.0" encoding="UTF-8"?>
<!-- Generated by org.testng.reporters.JUnitReportReporter -->
<testsuite hostname="USER" failures="0" tests="1" name="Practice.HardAssert" time="0.023" errors="0" timestamp="2023-03-02T11:52:33 IST" skipped="0">
  <testcase classname="Practice.HardAssert" name="create" time="0.023"/>
  <system-out/>
</testsuite> <!-- Practice.HardAssert -->
