<?xml version="1.0" encoding="UTF-8"?>
<!-- Generated by org.testng.reporters.JUnitReportReporter -->
<testsuite hostname="USER" failures="0" tests="1" name="organization.CreateOrganizationTest" time="112.369" errors="0" timestamp="2023-03-02T16:16:43 IST" skipped="0">
  <testcase classname="organization.CreateOrganizationTest" name="CreateOrganizationTest" time="112.369"/>
  <system-out/>
</testsuite> <!-- organization.CreateOrganizationTest -->
